# JRE version: OpenJDK Runtime Environment (21.0.6) (build 21.0.6+-13391695-b895.109)
# Java VM: OpenJDK 64-Bit Server VM (21.0.6+-13391695-b895.109, mixed mode, tiered, compressed oops, compressed class ptrs, g1 gc, windows-amd64)
GC Precious Log:
 CardTable entry size: 512
 Card Set container configuration: InlinePtr #cards 5 size 8 Array Of Cards #cards 12 size 40 Howl #buckets 4 coarsen threshold 1843 Howl Bitmap #cards 512 size 80 coarsen threshold 460 Card regions per heap region 1 cards per card region 2048
 CPUs: 8 total, 8 available
 Memory: 7990M
 Large Page Support: Disabled
 NUMA Support: Disabled
 Compressed Oops: Enabled (32-bit)
 Heap Region Size: 1M
 Heap Min Capacity: 8M
 Heap Initial Capacity: 126M
 Heap Max Capacity: 1998M
 Pre-touch: Disabled
 Parallel Workers: 8
 Concurrent Workers: 2
 Concurrent Refinement Workers: 8
 Periodic GC: Disabled
Heap:
 garbage-first heap   total 44032K, used 25600K [0x0000000083200000, 0x0000000100000000)
  region size 1024K, 3 young (3072K), 3 survivors (3072K)
 Metaspace       used 51086K, committed 51392K, reserved 1114112K
  class space    used 5898K, committed 6016K, reserved 1048576K
GC Heap History (20 events):
Event: 0.625 GC heap after
{Heap after GC invocations=1 (full 0):
 garbage-first heap   total 129024K, used 6250K [0x0000000083200000, 0x0000000100000000)
  region size 1024K, 3 young (3072K), 3 survivors (3072K)
 Metaspace       used 14056K, committed 14208K, reserved 1114112K
  class space    used 1326K, committed 1408K, reserved 1048576K
}
Event: 1.007 GC heap before
{Heap before GC invocations=1 (full 0):
 garbage-first heap   total 129024K, used 27754K [0x0000000083200000, 0x0000000100000000)
  region size 1024K, 26 young (26624K), 3 survivors (3072K)
 Metaspace       used 21358K, committed 21504K, reserved 1114112K
  class space    used 2166K, committed 2240K, reserved 1048576K
}
Event: 1.012 GC heap after
{Heap after GC invocations=2 (full 0):
 garbage-first heap   total 129024K, used 7551K [0x0000000083200000, 0x0000000100000000)
  region size 1024K, 2 young (2048K), 2 survivors (2048K)
 Metaspace       used 21358K, committed 21504K, reserved 1114112K
  class space    used 2166K, committed 2240K, reserved 1048576K
}
Event: 1.316 GC heap before
{Heap before GC invocations=3 (full 0):
 garbage-first heap   total 27648K, used 27007K [0x0000000083200000, 0x0000000100000000)
  region size 1024K, 21 young (21504K), 2 survivors (2048K)
 Metaspace       used 24983K, committed 25280K, reserved 1114112K
  class space    used 2623K, committed 2752K, reserved 1048576K
}
Event: 1.327 GC heap after
{Heap after GC invocations=4 (full 0):
 garbage-first heap   total 34816K, used 13312K [0x0000000083200000, 0x0000000100000000)
  region size 1024K, 7 young (7168K), 7 survivors (7168K)
 Metaspace       used 24983K, committed 25280K, reserved 1114112K
  class space    used 2623K, committed 2752K, reserved 1048576K
}
Event: 1.455 GC heap before
{Heap before GC invocations=4 (full 0):
 garbage-first heap   total 34816K, used 24576K [0x0000000083200000, 0x0000000100000000)
  region size 1024K, 18 young (18432K), 7 survivors (7168K)
 Metaspace       used 27383K, committed 27584K, reserved 1114112K
  class space    used 2910K, committed 3008K, reserved 1048576K
}
Event: 1.463 GC heap after
{Heap after GC invocations=5 (full 0):
 garbage-first heap   total 34816K, used 14084K [0x0000000083200000, 0x0000000100000000)
  region size 1024K, 2 young (2048K), 2 survivors (2048K)
 Metaspace       used 27383K, committed 27584K, reserved 1114112K
  class space    used 2910K, committed 3008K, reserved 1048576K
}
Event: 1.695 GC heap before
{Heap before GC invocations=5 (full 0):
 garbage-first heap   total 34816K, used 26372K [0x0000000083200000, 0x0000000100000000)
  region size 1024K, 14 young (14336K), 2 survivors (2048K)
 Metaspace       used 31521K, committed 31808K, reserved 1114112K
  class space    used 3711K, committed 3840K, reserved 1048576K
}
Event: 1.699 GC heap after
{Heap after GC invocations=6 (full 0):
 garbage-first heap   total 34816K, used 14941K [0x0000000083200000, 0x0000000100000000)
  region size 1024K, 1 young (1024K), 1 survivors (1024K)
 Metaspace       used 31521K, committed 31808K, reserved 1114112K
  class space    used 3711K, committed 3840K, reserved 1048576K
}
Event: 1.927 GC heap before
{Heap before GC invocations=6 (full 0):
 garbage-first heap   total 34816K, used 26205K [0x0000000083200000, 0x0000000100000000)
  region size 1024K, 13 young (13312K), 1 survivors (1024K)
 Metaspace       used 34339K, committed 34560K, reserved 1114112K
  class space    used 4137K, committed 4224K, reserved 1048576K
}
Event: 1.930 GC heap after
{Heap after GC invocations=7 (full 0):
 garbage-first heap   total 34816K, used 16384K [0x0000000083200000, 0x0000000100000000)
  region size 1024K, 2 young (2048K), 2 survivors (2048K)
 Metaspace       used 34339K, committed 34560K, reserved 1114112K
  class space    used 4137K, committed 4224K, reserved 1048576K
}
Event: 2.036 GC heap before
{Heap before GC invocations=7 (full 0):
 garbage-first heap   total 34816K, used 21504K [0x0000000083200000, 0x0000000100000000)
  region size 1024K, 9 young (9216K), 2 survivors (2048K)
 Metaspace       used 35761K, committed 35968K, reserved 1114112K
  class space    used 4285K, committed 4352K, reserved 1048576K
}
Event: 2.040 GC heap after
{Heap after GC invocations=8 (full 0):
 garbage-first heap   total 44032K, used 16735K [0x0000000083200000, 0x0000000100000000)
  region size 1024K, 1 young (1024K), 1 survivors (1024K)
 Metaspace       used 35761K, committed 35968K, reserved 1114112K
  class space    used 4285K, committed 4352K, reserved 1048576K
}
Event: 2.494 GC heap before
{Heap before GC invocations=9 (full 0):
 garbage-first heap   total 44032K, used 35167K [0x0000000083200000, 0x0000000100000000)
  region size 1024K, 20 young (20480K), 1 survivors (1024K)
 Metaspace       used 40994K, committed 41344K, reserved 1114112K
  class space    used 4826K, committed 4992K, reserved 1048576K
}
Event: 2.501 GC heap after
{Heap after GC invocations=10 (full 0):
 garbage-first heap   total 44032K, used 17467K [0x0000000083200000, 0x0000000100000000)
  region size 1024K, 2 young (2048K), 2 survivors (2048K)
 Metaspace       used 40994K, committed 41344K, reserved 1114112K
  class space    used 4826K, committed 4992K, reserved 1048576K
}
Event: 3.001 GC heap before
{Heap before GC invocations=10 (full 0):
 garbage-first heap   total 44032K, used 35899K [0x0000000083200000, 0x0000000100000000)
  region size 1024K, 21 young (21504K), 2 survivors (2048K)
 Metaspace       used 45894K, committed 46208K, reserved 1114112K
  class space    used 5355K, committed 5504K, reserved 1048576K
}
Event: 3.008 GC heap after
{Heap after GC invocations=11 (full 0):
 garbage-first heap   total 44032K, used 18257K [0x0000000083200000, 0x0000000100000000)
  region size 1024K, 3 young (3072K), 3 survivors (3072K)
 Metaspace       used 45894K, committed 46208K, reserved 1114112K
  class space    used 5355K, committed 5504K, reserved 1048576K
}
Event: 3.597 GC heap before
{Heap before GC invocations=11 (full 0):
 garbage-first heap   total 44032K, used 36689K [0x0000000083200000, 0x0000000100000000)
  region size 1024K, 21 young (21504K), 3 survivors (3072K)
 Metaspace       used 47961K, committed 48256K, reserved 1114112K
  class space    used 5537K, committed 5696K, reserved 1048576K
}
Event: 3.613 GC heap after
{Heap after GC invocations=12 (full 0):
 garbage-first heap   total 44032K, used 22284K [0x0000000083200000, 0x0000000100000000)
  region size 1024K, 3 young (3072K), 3 survivors (3072K)
 Metaspace       used 47961K, committed 48256K, reserved 1114112K
  class space    used 5537K, committed 5696K, reserved 1048576K
}
Event: 4.098 GC heap before
{Heap before GC invocations=12 (full 0):
 garbage-first heap   total 44032K, used 36620K [0x0000000083200000, 0x0000000100000000)
  region size 1024K, 17 young (17408K), 3 survivors (3072K)
 Metaspace       used 51086K, committed 51392K, reserved 1114112K
  class space    used 5898K, committed 6016K, reserved 1048576K
}

