# JRE version: OpenJDK Runtime Environment (21.0.6) (build 21.0.6+-13391695-b895.109)
# Java VM: OpenJDK 64-Bit Server VM (21.0.6+-13391695-b895.109, mixed mode, tiered, compressed oops, compressed class ptrs, g1 gc, windows-amd64)
GC Precious Log:
 CardTable entry size: 512
 Card Set container configuration: InlinePtr #cards 5 size 8 Array Of Cards #cards 12 size 40 Howl #buckets 4 coarsen threshold 1843 Howl Bitmap #cards 512 size 80 coarsen threshold 460 Card regions per heap region 1 cards per card region 2048
 CPUs: 8 total, 8 available
 Memory: 7990M
 Large Page Support: Disabled
 NUMA Support: Disabled
 Compressed Oops: Enabled (32-bit)
 Heap Region Size: 1M
 Heap Min Capacity: 8M
 Heap Initial Capacity: 126M
 Heap Max Capacity: 2G
 Pre-touch: Disabled
 Parallel Workers: 8
 Concurrent Workers: 2
 Concurrent Refinement Workers: 8
 Periodic GC: Disabled
Heap:
 garbage-first heap   total 113664K, used 62524K [0x0000000080000000, 0x0000000100000000)
  region size 1024K, 2 young (2048K), 2 survivors (2048K)
 Metaspace       used 41534K, committed 42624K, reserved 1114112K
  class space    used 5614K, committed 6144K, reserved 1048576K
GC Heap History (20 events):
Event: 0.898 GC heap after
{Heap after GC invocations=1 (full 0):
 garbage-first heap   total 129024K, used 1535K [0x0000000080000000, 0x0000000100000000)
  region size 1024K, 2 young (2048K), 2 survivors (2048K)
 Metaspace       used 7653K, committed 7808K, reserved 1114112K
  class space    used 685K, committed 768K, reserved 1048576K
}
Event: 2.095 GC heap before
{Heap before GC invocations=1 (full 0):
 garbage-first heap   total 129024K, used 40447K [0x0000000080000000, 0x0000000100000000)
  region size 1024K, 38 young (38912K), 2 survivors (2048K)
 Metaspace       used 12186K, committed 12352K, reserved 1114112K
  class space    used 1283K, committed 1344K, reserved 1048576K
}
Event: 2.123 GC heap after
{Heap after GC invocations=2 (full 0):
 garbage-first heap   total 129024K, used 10772K [0x0000000080000000, 0x0000000100000000)
  region size 1024K, 5 young (5120K), 5 survivors (5120K)
 Metaspace       used 12186K, committed 12352K, reserved 1114112K
  class space    used 1283K, committed 1344K, reserved 1048576K
}
Event: 3.576 GC heap before
{Heap before GC invocations=2 (full 0):
 garbage-first heap   total 129024K, used 66068K [0x0000000080000000, 0x0000000100000000)
  region size 1024K, 57 young (58368K), 5 survivors (5120K)
 Metaspace       used 14803K, committed 15040K, reserved 1114112K
  class space    used 1617K, committed 1728K, reserved 1048576K
}
Event: 3.587 GC heap after
{Heap after GC invocations=3 (full 0):
 garbage-first heap   total 129024K, used 17787K [0x0000000080000000, 0x0000000100000000)
  region size 1024K, 6 young (6144K), 6 survivors (6144K)
 Metaspace       used 14803K, committed 15040K, reserved 1114112K
  class space    used 1617K, committed 1728K, reserved 1048576K
}
Event: 5.226 GC heap before
{Heap before GC invocations=3 (full 0):
 garbage-first heap   total 129024K, used 39291K [0x0000000080000000, 0x0000000100000000)
  region size 1024K, 28 young (28672K), 6 survivors (6144K)
 Metaspace       used 21156K, committed 21504K, reserved 1114112K
  class space    used 2413K, committed 2560K, reserved 1048576K
}
Event: 5.238 GC heap after
{Heap after GC invocations=4 (full 0):
 garbage-first heap   total 129024K, used 20346K [0x0000000080000000, 0x0000000100000000)
  region size 1024K, 3 young (3072K), 3 survivors (3072K)
 Metaspace       used 21156K, committed 21504K, reserved 1114112K
  class space    used 2413K, committed 2560K, reserved 1048576K
}
Event: 6.223 GC heap before
{Heap before GC invocations=5 (full 0):
 garbage-first heap   total 71680K, used 59258K [0x0000000080000000, 0x0000000100000000)
  region size 1024K, 42 young (43008K), 3 survivors (3072K)
 Metaspace       used 27987K, committed 28544K, reserved 1114112K
  class space    used 3476K, committed 3776K, reserved 1048576K
}
Event: 6.228 GC heap after
{Heap after GC invocations=6 (full 0):
 garbage-first heap   total 71680K, used 22254K [0x0000000080000000, 0x0000000100000000)
  region size 1024K, 5 young (5120K), 5 survivors (5120K)
 Metaspace       used 27987K, committed 28544K, reserved 1114112K
  class space    used 3476K, committed 3776K, reserved 1048576K
}
Event: 7.694 GC heap before
{Heap before GC invocations=6 (full 0):
 garbage-first heap   total 71680K, used 56046K [0x0000000080000000, 0x0000000100000000)
  region size 1024K, 38 young (38912K), 5 survivors (5120K)
 Metaspace       used 32215K, committed 32960K, reserved 1114112K
  class space    used 4208K, committed 4544K, reserved 1048576K
}
Event: 7.700 GC heap after
{Heap after GC invocations=7 (full 0):
 garbage-first heap   total 71680K, used 24595K [0x0000000080000000, 0x0000000100000000)
  region size 1024K, 5 young (5120K), 5 survivors (5120K)
 Metaspace       used 32215K, committed 32960K, reserved 1114112K
  class space    used 4208K, committed 4544K, reserved 1048576K
}
Event: 8.592 GC heap before
{Heap before GC invocations=7 (full 0):
 garbage-first heap   total 71680K, used 44051K [0x0000000080000000, 0x0000000100000000)
  region size 1024K, 25 young (25600K), 5 survivors (5120K)
 Metaspace       used 35112K, committed 35968K, reserved 1114112K
  class space    used 4708K, committed 5120K, reserved 1048576K
}
Event: 8.599 GC heap after
{Heap after GC invocations=8 (full 0):
 garbage-first heap   total 71680K, used 25957K [0x0000000080000000, 0x0000000100000000)
  region size 1024K, 4 young (4096K), 4 survivors (4096K)
 Metaspace       used 35112K, committed 35968K, reserved 1114112K
  class space    used 4708K, committed 5120K, reserved 1048576K
}
Event: 9.846 GC heap before
{Heap before GC invocations=9 (full 0):
 garbage-first heap   total 71680K, used 69989K [0x0000000080000000, 0x0000000100000000)
  region size 1024K, 20 young (20480K), 4 survivors (4096K)
 Metaspace       used 36283K, committed 37248K, reserved 1114112K
  class space    used 4902K, committed 5376K, reserved 1048576K
}
Event: 9.856 GC heap after
{Heap after GC invocations=10 (full 0):
 garbage-first heap   total 81920K, used 60603K [0x0000000080000000, 0x0000000100000000)
  region size 1024K, 5 young (5120K), 5 survivors (5120K)
 Metaspace       used 36283K, committed 37248K, reserved 1114112K
  class space    used 4902K, committed 5376K, reserved 1048576K
}
Event: 10.439 GC heap before
{Heap before GC invocations=10 (full 0):
 garbage-first heap   total 81920K, used 71867K [0x0000000080000000, 0x0000000100000000)
  region size 1024K, 16 young (16384K), 5 survivors (5120K)
 Metaspace       used 37804K, committed 38784K, reserved 1114112K
  class space    used 5090K, committed 5568K, reserved 1048576K
}
Event: 10.443 GC heap after
{Heap after GC invocations=11 (full 0):
 garbage-first heap   total 81920K, used 60763K [0x0000000080000000, 0x0000000100000000)
  region size 1024K, 1 young (1024K), 1 survivors (1024K)
 Metaspace       used 37804K, committed 38784K, reserved 1114112K
  class space    used 5090K, committed 5568K, reserved 1048576K
}
Event: 10.971 GC heap before
{Heap before GC invocations=11 (full 0):
 garbage-first heap   total 81920K, used 74075K [0x0000000080000000, 0x0000000100000000)
  region size 1024K, 14 young (14336K), 1 survivors (1024K)
 Metaspace       used 39711K, committed 40640K, reserved 1114112K
  class space    used 5407K, committed 5888K, reserved 1048576K
}
Event: 10.973 GC heap after
{Heap after GC invocations=12 (full 0):
 garbage-first heap   total 81920K, used 61415K [0x0000000080000000, 0x0000000100000000)
  region size 1024K, 2 young (2048K), 2 survivors (2048K)
 Metaspace       used 39711K, committed 40640K, reserved 1114112K
  class space    used 5407K, committed 5888K, reserved 1048576K
}
Event: 11.279 GC heap before
{Heap before GC invocations=13 (full 0):
 garbage-first heap   total 104448K, used 71655K [0x0000000080000000, 0x0000000100000000)
  region size 1024K, 13 young (13312K), 2 survivors (2048K)
 Metaspace       used 41534K, committed 42624K, reserved 1114112K
  class space    used 5614K, committed 6144K, reserved 1048576K
}

