# JRE version: OpenJDK Runtime Environment (21.0.6) (build 21.0.6+-13391695-b895.109)
# Java VM: OpenJDK 64-Bit Server VM (21.0.6+-13391695-b895.109, mixed mode, tiered, compressed oops, compressed class ptrs, g1 gc, windows-amd64)
GC Precious Log:
 CardTable entry size: 512
 Card Set container configuration: InlinePtr #cards 5 size 8 Array Of Cards #cards 12 size 40 Howl #buckets 4 coarsen threshold 1843 Howl Bitmap #cards 512 size 80 coarsen threshold 460 Card regions per heap region 1 cards per card region 2048
 CPUs: 8 total, 8 available
 Memory: 7990M
 Large Page Support: Disabled
 NUMA Support: Disabled
 Compressed Oops: Enabled (32-bit)
 Heap Region Size: 1M
 Heap Min Capacity: 8M
 Heap Initial Capacity: 126M
 Heap Max Capacity: 2G
 Pre-touch: Disabled
 Parallel Workers: 8
 Concurrent Workers: 2
 Concurrent Refinement Workers: 8
 Periodic GC: Disabled
Heap:
 garbage-first heap   total 146432K, used 94904K [0x0000000080000000, 0x0000000100000000)
  region size 1024K, 1 young (1024K), 1 survivors (1024K)
 Metaspace       used 63646K, committed 65216K, reserved 1114112K
  class space    used 8665K, committed 9408K, reserved 1048576K
GC Heap History (20 events):
Event: 5.574 GC heap after
{Heap after GC invocations=11 (full 0):
 garbage-first heap   total 98304K, used 61728K [0x0000000080000000, 0x0000000100000000)
  region size 1024K, 1 young (1024K), 1 survivors (1024K)
 Metaspace       used 39369K, committed 40320K, reserved 1114112K
  class space    used 5369K, committed 5824K, reserved 1048576K
}
Event: 6.054 GC heap before
{Heap before GC invocations=11 (full 0):
 garbage-first heap   total 98304K, used 85280K [0x0000000080000000, 0x0000000100000000)
  region size 1024K, 25 young (25600K), 1 survivors (1024K)
 Metaspace       used 44877K, committed 45888K, reserved 1114112K
  class space    used 6004K, committed 6528K, reserved 1048576K
}
Event: 6.059 GC heap after
{Heap after GC invocations=12 (full 0):
 garbage-first heap   total 98304K, used 64701K [0x0000000080000000, 0x0000000100000000)
  region size 1024K, 4 young (4096K), 4 survivors (4096K)
 Metaspace       used 44877K, committed 45888K, reserved 1114112K
  class space    used 6004K, committed 6528K, reserved 1048576K
}
Event: 6.277 GC heap before
{Heap before GC invocations=13 (full 0):
 garbage-first heap   total 109568K, used 86205K [0x0000000080000000, 0x0000000100000000)
  region size 1024K, 26 young (26624K), 4 survivors (4096K)
 Metaspace       used 45764K, committed 46720K, reserved 1114112K
  class space    used 6071K, committed 6528K, reserved 1048576K
}
Event: 6.283 GC heap after
{Heap after GC invocations=14 (full 0):
 garbage-first heap   total 109568K, used 67282K [0x0000000080000000, 0x0000000100000000)
  region size 1024K, 3 young (3072K), 3 survivors (3072K)
 Metaspace       used 45764K, committed 46720K, reserved 1114112K
  class space    used 6071K, committed 6528K, reserved 1048576K
}
Event: 6.774 GC heap before
{Heap before GC invocations=14 (full 0):
 garbage-first heap   total 109568K, used 101074K [0x0000000080000000, 0x0000000100000000)
  region size 1024K, 32 young (32768K), 3 survivors (3072K)
 Metaspace       used 49314K, committed 50496K, reserved 1114112K
  class space    used 6481K, committed 7104K, reserved 1048576K
}
Event: 6.778 GC heap after
{Heap after GC invocations=15 (full 0):
 garbage-first heap   total 109568K, used 68567K [0x0000000080000000, 0x0000000100000000)
  region size 1024K, 4 young (4096K), 4 survivors (4096K)
 Metaspace       used 49314K, committed 50496K, reserved 1114112K
  class space    used 6481K, committed 7104K, reserved 1048576K
}
Event: 7.146 GC heap before
{Heap before GC invocations=15 (full 0):
 garbage-first heap   total 109568K, used 97239K [0x0000000080000000, 0x0000000100000000)
  region size 1024K, 32 young (32768K), 4 survivors (4096K)
 Metaspace       used 52688K, committed 54208K, reserved 1114112K
  class space    used 7042K, committed 7808K, reserved 1048576K
}
Event: 7.151 GC heap after
{Heap after GC invocations=16 (full 0):
 garbage-first heap   total 109568K, used 70117K [0x0000000080000000, 0x0000000100000000)
  region size 1024K, 2 young (2048K), 2 survivors (2048K)
 Metaspace       used 52688K, committed 54208K, reserved 1114112K
  class space    used 7042K, committed 7808K, reserved 1048576K
}
Event: 7.594 GC heap before
{Heap before GC invocations=17 (full 0):
 garbage-first heap   total 117760K, used 99813K [0x0000000080000000, 0x0000000100000000)
  region size 1024K, 31 young (31744K), 2 survivors (2048K)
 Metaspace       used 56193K, committed 57728K, reserved 1114112K
  class space    used 7638K, committed 8384K, reserved 1048576K
}
Event: 7.599 GC heap after
{Heap after GC invocations=18 (full 0):
 garbage-first heap   total 141312K, used 71471K [0x0000000080000000, 0x0000000100000000)
  region size 1024K, 3 young (3072K), 3 survivors (3072K)
 Metaspace       used 56193K, committed 57728K, reserved 1114112K
  class space    used 7638K, committed 8384K, reserved 1048576K
}
Event: 8.370 GC heap before
{Heap before GC invocations=18 (full 0):
 garbage-first heap   total 141312K, used 126767K [0x0000000080000000, 0x0000000100000000)
  region size 1024K, 56 young (57344K), 3 survivors (3072K)
 Metaspace       used 60113K, committed 61632K, reserved 1114112K
  class space    used 8272K, committed 9024K, reserved 1048576K
}
Event: 8.379 GC heap after
{Heap after GC invocations=19 (full 0):
 garbage-first heap   total 141312K, used 77669K [0x0000000080000000, 0x0000000100000000)
  region size 1024K, 7 young (7168K), 7 survivors (7168K)
 Metaspace       used 60113K, committed 61632K, reserved 1114112K
  class space    used 8272K, committed 9024K, reserved 1048576K
}
Event: 8.607 GC heap before
{Heap before GC invocations=19 (full 0):
 garbage-first heap   total 141312K, used 125797K [0x0000000080000000, 0x0000000100000000)
  region size 1024K, 54 young (55296K), 7 survivors (7168K)
 Metaspace       used 60183K, committed 61696K, reserved 1114112K
  class space    used 8274K, committed 9024K, reserved 1048576K
}
Event: 8.616 GC heap after
{Heap after GC invocations=20 (full 0):
 garbage-first heap   total 141312K, used 79993K [0x0000000080000000, 0x0000000100000000)
  region size 1024K, 2 young (2048K), 2 survivors (2048K)
 Metaspace       used 60183K, committed 61696K, reserved 1114112K
  class space    used 8274K, committed 9024K, reserved 1048576K
}
Event: 8.849 GC heap before
{Heap before GC invocations=21 (full 0):
 garbage-first heap   total 141312K, used 128121K [0x0000000080000000, 0x0000000100000000)
  region size 1024K, 49 young (50176K), 2 survivors (2048K)
 Metaspace       used 60185K, committed 61696K, reserved 1114112K
  class space    used 8274K, committed 9024K, reserved 1048576K
}
Event: 8.855 GC heap after
{Heap after GC invocations=22 (full 0):
 garbage-first heap   total 141312K, used 81021K [0x0000000080000000, 0x0000000100000000)
  region size 1024K, 3 young (3072K), 3 survivors (3072K)
 Metaspace       used 60185K, committed 61696K, reserved 1114112K
  class space    used 8274K, committed 9024K, reserved 1048576K
}
Event: 9.636 GC heap before
{Heap before GC invocations=22 (full 0):
 garbage-first heap   total 141312K, used 135293K [0x0000000080000000, 0x0000000100000000)
  region size 1024K, 50 young (51200K), 3 survivors (3072K)
 Metaspace       used 63592K, committed 65152K, reserved 1114112K
  class space    used 8665K, committed 9408K, reserved 1048576K
}
Event: 9.647 GC heap after
{Heap after GC invocations=23 (full 0):
 garbage-first heap   total 146432K, used 93574K [0x0000000080000000, 0x0000000100000000)
  region size 1024K, 7 young (7168K), 7 survivors (7168K)
 Metaspace       used 63592K, committed 65152K, reserved 1114112K
  class space    used 8665K, committed 9408K, reserved 1048576K
}
Event: 9.740 GC heap before
{Heap before GC invocations=23 (full 0):
 garbage-first heap   total 146432K, used 130438K [0x0000000080000000, 0x0000000100000000)
  region size 1024K, 43 young (44032K), 7 survivors (7168K)
 Metaspace       used 63646K, committed 65216K, reserved 1114112K
  class space    used 8665K, committed 9408K, reserved 1048576K
}

