# JRE version: OpenJDK Runtime Environment (21.0.6) (build 21.0.6+-13391695-b895.109)
# Java VM: OpenJDK 64-Bit Server VM (21.0.6+-13391695-b895.109, mixed mode, tiered, compressed oops, compressed class ptrs, g1 gc, windows-amd64)
GC Precious Log:
 CardTable entry size: 512
 Card Set container configuration: InlinePtr #cards 5 size 8 Array Of Cards #cards 12 size 40 Howl #buckets 4 coarsen threshold 1843 Howl Bitmap #cards 512 size 80 coarsen threshold 460 Card regions per heap region 1 cards per card region 2048
 CPUs: 8 total, 8 available
 Memory: 7990M
 Large Page Support: Disabled
 NUMA Support: Disabled
 Compressed Oops: Enabled (32-bit)
 Heap Region Size: 1M
 Heap Min Capacity: 8M
 Heap Initial Capacity: 126M
 Heap Max Capacity: 2G
 Pre-touch: Disabled
 Parallel Workers: 8
 Concurrent Workers: 2
 Concurrent Refinement Workers: 8
 Periodic GC: Disabled
Heap:
 garbage-first heap   total 176128K, used 119626K [0x0000000080000000, 0x0000000100000000)
  region size 1024K, 20 young (20480K), 8 survivors (8192K)
 Metaspace       used 84664K, committed 86592K, reserved 1179648K
  class space    used 11540K, committed 12480K, reserved 1048576K
GC Heap History (20 events):
Event: 7.912 GC heap before
{Heap before GC invocations=18 (full 0):
 garbage-first heap   total 125952K, used 110755K [0x0000000080000000, 0x0000000100000000)
  region size 1024K, 44 young (45056K), 4 survivors (4096K)
 Metaspace       used 56737K, committed 58368K, reserved 1114112K
  class space    used 7720K, committed 8512K, reserved 1048576K
}
Event: 7.919 GC heap after
{Heap after GC invocations=19 (full 0):
 garbage-first heap   total 125952K, used 73561K [0x0000000080000000, 0x0000000100000000)
  region size 1024K, 6 young (6144K), 6 survivors (6144K)
 Metaspace       used 56737K, committed 58368K, reserved 1114112K
  class space    used 7720K, committed 8512K, reserved 1048576K
}
Event: 7.924 GC heap before
{Heap before GC invocations=19 (full 0):
 garbage-first heap   total 125952K, used 73561K [0x0000000080000000, 0x0000000100000000)
  region size 1024K, 7 young (7168K), 6 survivors (6144K)
 Metaspace       used 56742K, committed 58368K, reserved 1114112K
  class space    used 7720K, committed 8512K, reserved 1048576K
}
Event: 7.930 GC heap after
{Heap after GC invocations=20 (full 0):
 garbage-first heap   total 125952K, used 74105K [0x0000000080000000, 0x0000000100000000)
  region size 1024K, 4 young (4096K), 4 survivors (4096K)
 Metaspace       used 56742K, committed 58368K, reserved 1114112K
  class space    used 7720K, committed 8512K, reserved 1048576K
}
Event: 8.557 GC heap before
{Heap before GC invocations=21 (full 0):
 garbage-first heap   total 128000K, used 123257K [0x0000000080000000, 0x0000000100000000)
  region size 1024K, 43 young (44032K), 4 survivors (4096K)
 Metaspace       used 60096K, committed 61696K, reserved 1114112K
  class space    used 8253K, committed 9024K, reserved 1048576K
}
Event: 8.564 GC heap after
{Heap after GC invocations=22 (full 0):
 garbage-first heap   total 132096K, used 87453K [0x0000000080000000, 0x0000000100000000)
  region size 1024K, 6 young (6144K), 6 survivors (6144K)
 Metaspace       used 60096K, committed 61696K, reserved 1114112K
  class space    used 8253K, committed 9024K, reserved 1048576K
}
Event: 8.842 GC heap before
{Heap before GC invocations=22 (full 0):
 garbage-first heap   total 132096K, used 118173K [0x0000000080000000, 0x0000000100000000)
  region size 1024K, 36 young (36864K), 6 survivors (6144K)
 Metaspace       used 60327K, committed 61888K, reserved 1114112K
  class space    used 8267K, committed 9024K, reserved 1048576K
}
Event: 8.852 GC heap after
{Heap after GC invocations=23 (full 0):
 garbage-first heap   total 132096K, used 89088K [0x0000000080000000, 0x0000000100000000)
  region size 1024K, 2 young (2048K), 2 survivors (2048K)
 Metaspace       used 60327K, committed 61888K, reserved 1114112K
  class space    used 8267K, committed 9024K, reserved 1048576K
}
Event: 9.020 GC heap before
{Heap before GC invocations=23 (full 0):
 garbage-first heap   total 132096K, used 121856K [0x0000000080000000, 0x0000000100000000)
  region size 1024K, 34 young (34816K), 2 survivors (2048K)
 Metaspace       used 60363K, committed 61952K, reserved 1114112K
  class space    used 8269K, committed 9024K, reserved 1048576K
}
Event: 9.024 GC heap after
{Heap after GC invocations=24 (full 0):
 garbage-first heap   total 158720K, used 89517K [0x0000000080000000, 0x0000000100000000)
  region size 1024K, 3 young (3072K), 3 survivors (3072K)
 Metaspace       used 60363K, committed 61952K, reserved 1114112K
  class space    used 8269K, committed 9024K, reserved 1048576K
}
Event: 9.246 GC heap before
{Heap before GC invocations=25 (full 0):
 garbage-first heap   total 158720K, used 142765K [0x0000000080000000, 0x0000000100000000)
  region size 1024K, 55 young (56320K), 3 survivors (3072K)
 Metaspace       used 60372K, committed 61952K, reserved 1114112K
  class space    used 8270K, committed 9024K, reserved 1048576K
}
Event: 9.251 GC heap after
{Heap after GC invocations=26 (full 0):
 garbage-first heap   total 158720K, used 90756K [0x0000000080000000, 0x0000000100000000)
  region size 1024K, 4 young (4096K), 4 survivors (4096K)
 Metaspace       used 60372K, committed 61952K, reserved 1114112K
  class space    used 8270K, committed 9024K, reserved 1048576K
}
Event: 10.342 GC heap before
{Heap before GC invocations=26 (full 0):
 garbage-first heap   total 158720K, used 154244K [0x0000000080000000, 0x0000000100000000)
  region size 1024K, 57 young (58368K), 4 survivors (4096K)
 Metaspace       used 66101K, committed 67776K, reserved 1114112K
  class space    used 8876K, committed 9728K, reserved 1048576K
}
Event: 10.351 GC heap after
{Heap after GC invocations=27 (full 0):
 garbage-first heap   total 164864K, used 101587K [0x0000000080000000, 0x0000000100000000)
  region size 1024K, 8 young (8192K), 8 survivors (8192K)
 Metaspace       used 66101K, committed 67776K, reserved 1114112K
  class space    used 8876K, committed 9728K, reserved 1048576K
}
Event: 10.817 GC heap before
{Heap before GC invocations=27 (full 0):
 garbage-first heap   total 164864K, used 146643K [0x0000000080000000, 0x0000000100000000)
  region size 1024K, 52 young (53248K), 8 survivors (8192K)
 Metaspace       used 68764K, committed 70464K, reserved 1114112K
  class space    used 9269K, committed 10112K, reserved 1048576K
}
Event: 10.825 GC heap after
{Heap after GC invocations=28 (full 0):
 garbage-first heap   total 164864K, used 103851K [0x0000000080000000, 0x0000000100000000)
  region size 1024K, 3 young (3072K), 3 survivors (3072K)
 Metaspace       used 68764K, committed 70464K, reserved 1114112K
  class space    used 9269K, committed 10112K, reserved 1048576K
}
Event: 11.576 GC heap before
{Heap before GC invocations=29 (full 0):
 garbage-first heap   total 176128K, used 149931K [0x0000000080000000, 0x0000000100000000)
  region size 1024K, 48 young (49152K), 3 survivors (3072K)
 Metaspace       used 74866K, committed 76672K, reserved 1179648K
  class space    used 10168K, committed 11072K, reserved 1048576K
}
Event: 11.582 GC heap after
{Heap after GC invocations=30 (full 0):
 garbage-first heap   total 176128K, used 105879K [0x0000000080000000, 0x0000000100000000)
  region size 1024K, 5 young (5120K), 5 survivors (5120K)
 Metaspace       used 74866K, committed 76672K, reserved 1179648K
  class space    used 10168K, committed 11072K, reserved 1048576K
}
Event: 12.480 GC heap before
{Heap before GC invocations=30 (full 0):
 garbage-first heap   total 176128K, used 159127K [0x0000000080000000, 0x0000000100000000)
  region size 1024K, 57 young (58368K), 5 survivors (5120K)
 Metaspace       used 82065K, committed 83904K, reserved 1179648K
  class space    used 11164K, committed 12096K, reserved 1048576K
}
Event: 12.488 GC heap after
{Heap after GC invocations=31 (full 0):
 garbage-first heap   total 176128K, used 108362K [0x0000000080000000, 0x0000000100000000)
  region size 1024K, 8 young (8192K), 8 survivors (8192K)
 Metaspace       used 82065K, committed 83904K, reserved 1179648K
  class space    used 11164K, committed 12096K, reserved 1048576K
}

