# JRE version: OpenJDK Runtime Environment (21.0.6) (build 21.0.6+-13391695-b895.109)
# Java VM: OpenJDK 64-Bit Server VM (21.0.6+-13391695-b895.109, mixed mode, tiered, compressed oops, compressed class ptrs, g1 gc, windows-amd64)
GC Precious Log:
 CardTable entry size: 512
 Card Set container configuration: InlinePtr #cards 5 size 8 Array Of Cards #cards 12 size 40 Howl #buckets 4 coarsen threshold 1843 Howl Bitmap #cards 512 size 80 coarsen threshold 460 Card regions per heap region 1 cards per card region 2048
 CPUs: 8 total, 8 available
 Memory: 7990M
 Large Page Support: Disabled
 NUMA Support: Disabled
 Compressed Oops: Enabled (32-bit)
 Heap Region Size: 1M
 Heap Min Capacity: 8M
 Heap Initial Capacity: 126M
 Heap Max Capacity: 2G
 Pre-touch: Disabled
 Parallel Workers: 8
 Concurrent Workers: 2
 Concurrent Refinement Workers: 8
 Periodic GC: Disabled
Heap:
 garbage-first heap   total 162816K, used 142398K [0x0000000080000000, 0x0000000100000000)
  region size 1024K, 49 young (50176K), 4 survivors (4096K)
 Metaspace       used 71580K, committed 73408K, reserved 1114112K
  class space    used 9796K, committed 10752K, reserved 1048576K
GC Heap History (20 events):
Event: 3.571 GC heap before
{Heap before GC invocations=9 (full 0):
 garbage-first heap   total 71680K, used 69327K [0x0000000080000000, 0x0000000100000000)
  region size 1024K, 20 young (20480K), 5 survivors (5120K)
 Metaspace       used 36166K, committed 37120K, reserved 1114112K
  class space    used 4896K, committed 5376K, reserved 1048576K
}
Event: 3.577 GC heap after
{Heap after GC invocations=10 (full 0):
 garbage-first heap   total 97280K, used 60319K [0x0000000080000000, 0x0000000100000000)
  region size 1024K, 5 young (5120K), 5 survivors (5120K)
 Metaspace       used 36166K, committed 37120K, reserved 1114112K
  class space    used 4896K, committed 5376K, reserved 1048576K
}
Event: 3.887 GC heap before
{Heap before GC invocations=10 (full 0):
 garbage-first heap   total 97280K, used 84895K [0x0000000080000000, 0x0000000100000000)
  region size 1024K, 29 young (29696K), 5 survivors (5120K)
 Metaspace       used 39529K, committed 40512K, reserved 1114112K
  class space    used 5400K, committed 5888K, reserved 1048576K
}
Event: 3.890 GC heap after
{Heap after GC invocations=11 (full 0):
 garbage-first heap   total 97280K, used 61408K [0x0000000080000000, 0x0000000100000000)
  region size 1024K, 2 young (2048K), 2 survivors (2048K)
 Metaspace       used 39529K, committed 40512K, reserved 1114112K
  class space    used 5400K, committed 5888K, reserved 1048576K
}
Event: 4.245 GC heap before
{Heap before GC invocations=11 (full 0):
 garbage-first heap   total 97280K, used 84960K [0x0000000080000000, 0x0000000100000000)
  region size 1024K, 26 young (26624K), 2 survivors (2048K)
 Metaspace       used 44897K, committed 45888K, reserved 1114112K
  class space    used 6008K, committed 6464K, reserved 1048576K
}
Event: 4.248 GC heap after
{Heap after GC invocations=12 (full 0):
 garbage-first heap   total 97280K, used 64097K [0x0000000080000000, 0x0000000100000000)
  region size 1024K, 4 young (4096K), 4 survivors (4096K)
 Metaspace       used 44897K, committed 45888K, reserved 1114112K
  class space    used 6008K, committed 6464K, reserved 1048576K
}
Event: 4.396 GC heap before
{Heap before GC invocations=13 (full 0):
 garbage-first heap   total 107520K, used 85601K [0x0000000080000000, 0x0000000100000000)
  region size 1024K, 26 young (26624K), 4 survivors (4096K)
 Metaspace       used 45800K, committed 46848K, reserved 1114112K
  class space    used 6074K, committed 6592K, reserved 1048576K
}
Event: 4.400 GC heap after
{Heap after GC invocations=14 (full 0):
 garbage-first heap   total 107520K, used 66851K [0x0000000080000000, 0x0000000100000000)
  region size 1024K, 3 young (3072K), 3 survivors (3072K)
 Metaspace       used 45800K, committed 46848K, reserved 1114112K
  class space    used 6074K, committed 6592K, reserved 1048576K
}
Event: 4.788 GC heap before
{Heap before GC invocations=14 (full 0):
 garbage-first heap   total 107520K, used 99619K [0x0000000080000000, 0x0000000100000000)
  region size 1024K, 31 young (31744K), 3 survivors (3072K)
 Metaspace       used 49365K, committed 50496K, reserved 1114112K
  class space    used 6477K, committed 7040K, reserved 1048576K
}
Event: 4.793 GC heap after
{Heap after GC invocations=15 (full 0):
 garbage-first heap   total 129024K, used 68369K [0x0000000080000000, 0x0000000100000000)
  region size 1024K, 4 young (4096K), 4 survivors (4096K)
 Metaspace       used 49365K, committed 50496K, reserved 1114112K
  class space    used 6477K, committed 7040K, reserved 1048576K
}
Event: 5.301 GC heap before
{Heap before GC invocations=15 (full 0):
 garbage-first heap   total 129024K, used 111377K [0x0000000080000000, 0x0000000100000000)
  region size 1024K, 46 young (47104K), 4 survivors (4096K)
 Metaspace       used 54326K, committed 55936K, reserved 1114112K
  class space    used 7299K, committed 8064K, reserved 1048576K
}
Event: 5.305 GC heap after
{Heap after GC invocations=16 (full 0):
 garbage-first heap   total 129024K, used 70572K [0x0000000080000000, 0x0000000100000000)
  region size 1024K, 6 young (6144K), 6 survivors (6144K)
 Metaspace       used 54326K, committed 55936K, reserved 1114112K
  class space    used 7299K, committed 8064K, reserved 1048576K
}
Event: 5.881 GC heap before
{Heap before GC invocations=17 (full 0):
 garbage-first heap   total 129024K, used 121772K [0x0000000080000000, 0x0000000100000000)
  region size 1024K, 48 young (49152K), 6 survivors (6144K)
 Metaspace       used 57405K, committed 59008K, reserved 1114112K
  class space    used 7804K, committed 8576K, reserved 1048576K
}
Event: 5.888 GC heap after
{Heap after GC invocations=18 (full 0):
 garbage-first heap   total 135168K, used 85160K [0x0000000080000000, 0x0000000100000000)
  region size 1024K, 6 young (6144K), 6 survivors (6144K)
 Metaspace       used 57405K, committed 59008K, reserved 1114112K
  class space    used 7804K, committed 8576K, reserved 1048576K
}
Event: 6.182 GC heap before
{Heap before GC invocations=18 (full 0):
 garbage-first heap   total 135168K, used 129192K [0x0000000080000000, 0x0000000100000000)
  region size 1024K, 40 young (40960K), 6 survivors (6144K)
 Metaspace       used 59870K, committed 61504K, reserved 1114112K
  class space    used 8022K, committed 8832K, reserved 1048576K
}
Event: 6.188 GC heap after
{Heap after GC invocations=19 (full 0):
 garbage-first heap   total 139264K, used 94616K [0x0000000080000000, 0x0000000100000000)
  region size 1024K, 2 young (2048K), 2 survivors (2048K)
 Metaspace       used 59870K, committed 61504K, reserved 1114112K
  class space    used 8022K, committed 8832K, reserved 1048576K
}
Event: 6.528 GC heap before
{Heap before GC invocations=19 (full 0):
 garbage-first heap   total 139264K, used 127384K [0x0000000080000000, 0x0000000100000000)
  region size 1024K, 34 young (34816K), 2 survivors (2048K)
 Metaspace       used 62728K, committed 64448K, reserved 1114112K
  class space    used 8435K, committed 9280K, reserved 1048576K
}
Event: 6.531 GC heap after
{Heap after GC invocations=20 (full 0):
 garbage-first heap   total 139264K, used 95962K [0x0000000080000000, 0x0000000100000000)
  region size 1024K, 4 young (4096K), 4 survivors (4096K)
 Metaspace       used 62728K, committed 64448K, reserved 1114112K
  class space    used 8435K, committed 9280K, reserved 1048576K
}
Event: 6.892 GC heap before
{Heap before GC invocations=21 (full 0):
 garbage-first heap   total 162816K, used 124634K [0x0000000080000000, 0x0000000100000000)
  region size 1024K, 32 young (32768K), 4 survivors (4096K)
 Metaspace       used 66751K, committed 68544K, reserved 1114112K
  class space    used 9041K, committed 9920K, reserved 1048576K
}
Event: 6.896 GC heap after
{Heap after GC invocations=22 (full 0):
 garbage-first heap   total 162816K, used 97342K [0x0000000080000000, 0x0000000100000000)
  region size 1024K, 4 young (4096K), 4 survivors (4096K)
 Metaspace       used 66751K, committed 68544K, reserved 1114112K
  class space    used 9041K, committed 9920K, reserved 1048576K
}

