# JRE version: OpenJDK Runtime Environment (21.0.6) (build 21.0.6+-13391695-b895.109)
# Java VM: OpenJDK 64-Bit Server VM (21.0.6+-13391695-b895.109, mixed mode, tiered, compressed oops, compressed class ptrs, g1 gc, windows-amd64)
GC Precious Log:
 CardTable entry size: 512
 Card Set container configuration: InlinePtr #cards 5 size 8 Array Of Cards #cards 12 size 40 Howl #buckets 4 coarsen threshold 1843 Howl Bitmap #cards 512 size 80 coarsen threshold 460 Card regions per heap region 1 cards per card region 2048
 CPUs: 8 total, 8 available
 Memory: 7990M
 Large Page Support: Disabled
 NUMA Support: Disabled
 Compressed Oops: Enabled (32-bit)
 Heap Region Size: 1M
 Heap Min Capacity: 8M
 Heap Initial Capacity: 8M
 Heap Max Capacity: 1998M
 Pre-touch: Disabled
 Parallel Workers: 8
 Concurrent Workers: 2
 Concurrent Refinement Workers: 8
 Periodic GC: Disabled
Heap:
 garbage-first heap   total 21504K, used 5394K [0x0000000083200000, 0x0000000100000000)
  region size 1024K, 1 young (1024K), 1 survivors (1024K)
 Metaspace       used 10942K, committed 11200K, reserved 1114112K
  class space    used 1081K, committed 1216K, reserved 1048576K
GC Heap History (20 events):
Event: 0.481 GC heap after
{Heap after GC invocations=4 (full 0):
 garbage-first heap   total 8192K, used 2913K [0x0000000083200000, 0x0000000100000000)
  region size 1024K, 1 young (1024K), 1 survivors (1024K)
 Metaspace       used 9715K, committed 9920K, reserved 1114112K
  class space    used 951K, committed 1024K, reserved 1048576K
}
Event: 0.513 GC heap before
{Heap before GC invocations=4 (full 0):
 garbage-first heap   total 8192K, used 3937K [0x0000000083200000, 0x0000000100000000)
  region size 1024K, 2 young (2048K), 1 survivors (1024K)
 Metaspace       used 9884K, committed 10112K, reserved 1114112K
  class space    used 963K, committed 1088K, reserved 1048576K
}
Event: 0.515 GC heap after
{Heap after GC invocations=5 (full 0):
 garbage-first heap   total 8192K, used 3351K [0x0000000083200000, 0x0000000100000000)
  region size 1024K, 1 young (1024K), 1 survivors (1024K)
 Metaspace       used 9884K, committed 10112K, reserved 1114112K
  class space    used 963K, committed 1088K, reserved 1048576K
}
Event: 0.544 GC heap before
{Heap before GC invocations=5 (full 0):
 garbage-first heap   total 8192K, used 4375K [0x0000000083200000, 0x0000000100000000)
  region size 1024K, 2 young (2048K), 1 survivors (1024K)
 Metaspace       used 10014K, committed 10304K, reserved 1114112K
  class space    used 986K, committed 1152K, reserved 1048576K
}
Event: 0.546 GC heap after
{Heap after GC invocations=6 (full 0):
 garbage-first heap   total 14336K, used 3239K [0x0000000083200000, 0x0000000100000000)
  region size 1024K, 1 young (1024K), 1 survivors (1024K)
 Metaspace       used 10014K, committed 10304K, reserved 1114112K
  class space    used 986K, committed 1152K, reserved 1048576K
}
Event: 0.663 GC heap before
{Heap before GC invocations=6 (full 0):
 garbage-first heap   total 14336K, used 7335K [0x0000000083200000, 0x0000000100000000)
  region size 1024K, 5 young (5120K), 1 survivors (1024K)
 Metaspace       used 10598K, committed 10880K, reserved 1114112K
  class space    used 1065K, committed 1216K, reserved 1048576K
}
Event: 0.667 GC heap after
{Heap after GC invocations=7 (full 0):
 garbage-first heap   total 14336K, used 3996K [0x0000000083200000, 0x0000000100000000)
  region size 1024K, 1 young (1024K), 1 survivors (1024K)
 Metaspace       used 10598K, committed 10880K, reserved 1114112K
  class space    used 1065K, committed 1216K, reserved 1048576K
}
Event: 0.756 GC heap before
{Heap before GC invocations=7 (full 0):
 garbage-first heap   total 14336K, used 9116K [0x0000000083200000, 0x0000000100000000)
  region size 1024K, 6 young (6144K), 1 survivors (1024K)
 Metaspace       used 10773K, committed 11008K, reserved 1114112K
  class space    used 1072K, committed 1216K, reserved 1048576K
}
Event: 0.760 GC heap after
{Heap after GC invocations=8 (full 0):
 garbage-first heap   total 14336K, used 4767K [0x0000000083200000, 0x0000000100000000)
  region size 1024K, 1 young (1024K), 1 survivors (1024K)
 Metaspace       used 10773K, committed 11008K, reserved 1114112K
  class space    used 1072K, committed 1216K, reserved 1048576K
}
Event: 0.829 GC heap before
{Heap before GC invocations=8 (full 0):
 garbage-first heap   total 14336K, used 7839K [0x0000000083200000, 0x0000000100000000)
  region size 1024K, 5 young (5120K), 1 survivors (1024K)
 Metaspace       used 10859K, committed 11136K, reserved 1114112K
  class space    used 1081K, committed 1216K, reserved 1048576K
}
Event: 0.831 GC heap after
{Heap after GC invocations=9 (full 0):
 garbage-first heap   total 14336K, used 5684K [0x0000000083200000, 0x0000000100000000)
  region size 1024K, 1 young (1024K), 1 survivors (1024K)
 Metaspace       used 10859K, committed 11136K, reserved 1114112K
  class space    used 1081K, committed 1216K, reserved 1048576K
}
Event: 0.852 GC heap before
{Heap before GC invocations=9 (full 0):
 garbage-first heap   total 14336K, used 8756K [0x0000000083200000, 0x0000000100000000)
  region size 1024K, 5 young (5120K), 1 survivors (1024K)
 Metaspace       used 10876K, committed 11136K, reserved 1114112K
  class space    used 1081K, committed 1216K, reserved 1048576K
}
Event: 1.293 GC heap after
{Heap after GC invocations=10 (full 0):
 garbage-first heap   total 21504K, used 5310K [0x0000000083200000, 0x0000000100000000)
  region size 1024K, 1 young (1024K), 1 survivors (1024K)
 Metaspace       used 10876K, committed 11136K, reserved 1114112K
  class space    used 1081K, committed 1216K, reserved 1048576K
}
Event: 1.300 GC heap before
{Heap before GC invocations=10 (full 0):
 garbage-first heap   total 21504K, used 6334K [0x0000000083200000, 0x0000000100000000)
  region size 1024K, 2 young (2048K), 1 survivors (1024K)
 Metaspace       used 10880K, committed 11136K, reserved 1114112K
  class space    used 1081K, committed 1216K, reserved 1048576K
}
Event: 1.301 GC heap after
{Heap after GC invocations=11 (full 0):
 garbage-first heap   total 21504K, used 5304K [0x0000000083200000, 0x0000000100000000)
  region size 1024K, 1 young (1024K), 1 survivors (1024K)
 Metaspace       used 10880K, committed 11136K, reserved 1114112K
  class space    used 1081K, committed 1216K, reserved 1048576K
}
Event: 1.342 GC heap before
{Heap before GC invocations=11 (full 0):
 garbage-first heap   total 21504K, used 13496K [0x0000000083200000, 0x0000000100000000)
  region size 1024K, 10 young (10240K), 1 survivors (1024K)
 Metaspace       used 10921K, committed 11200K, reserved 1114112K
  class space    used 1081K, committed 1216K, reserved 1048576K
}
Event: 1.342 GC heap after
{Heap after GC invocations=12 (full 0):
 garbage-first heap   total 21504K, used 5271K [0x0000000083200000, 0x0000000100000000)
  region size 1024K, 1 young (1024K), 1 survivors (1024K)
 Metaspace       used 10921K, committed 11200K, reserved 1114112K
  class space    used 1081K, committed 1216K, reserved 1048576K
}
Event: 1.382 GC heap before
{Heap before GC invocations=12 (full 0):
 garbage-first heap   total 21504K, used 15511K [0x0000000083200000, 0x0000000100000000)
  region size 1024K, 12 young (12288K), 1 survivors (1024K)
 Metaspace       used 10934K, committed 11200K, reserved 1114112K
  class space    used 1081K, committed 1216K, reserved 1048576K
}
Event: 1.382 GC heap after
{Heap after GC invocations=13 (full 0):
 garbage-first heap   total 21504K, used 5257K [0x0000000083200000, 0x0000000100000000)
  region size 1024K, 1 young (1024K), 1 survivors (1024K)
 Metaspace       used 10934K, committed 11200K, reserved 1114112K
  class space    used 1081K, committed 1216K, reserved 1048576K
}
Event: 1.411 GC heap before
{Heap before GC invocations=13 (full 0):
 garbage-first heap   total 21504K, used 15497K [0x0000000083200000, 0x0000000100000000)
  region size 1024K, 12 young (12288K), 1 survivors (1024K)
 Metaspace       used 10942K, committed 11200K, reserved 1114112K
  class space    used 1081K, committed 1216K, reserved 1048576K
}

